CanSavePoint #1: firstPointC:(183,145) newEndPointC=(183,145)
Mouse release #2: _lastPoint: (183,145)
__lastDrwanItem point size:2
CanSavePoint #1: firstPointC:(183,145) newEndPointC=(432,448)
CanSavePoint #2: (dx, dy) = (249,303)
CanSavePOint #3: lastPointC:(183,145) endPointC=(432,448)
Mouse release #2: _lastPoint: (432,448)
__lastDrwanItem point size:2
CanSavePoint #1: firstPointC:(432,448) newEndPointC=(664,273)
CanSavePoint #2: (dx, dy) = (232,175)
CanSavePOint #3: lastPointC:(432,448) endPointC=(664,273)
Mouse release #2: _lastPoint: (664,273)
__lastDrwanItem point size:2
CanSavePoint #1: firstPointC:(89,196) newEndPointC=(89,196)
Mouse release #2: _lastPoint: (89,196)
__lastDrwanItem point size:2
CanSavePoint #1: firstPointC:(89,196) newEndPointC=(443,540)
CanSavePoint #2: (dx, dy) = (354,344)
CanSavePOint #3: lastPointC:(89,196) endPointC=(443,540)
Mouse release #2: _lastPoint: (443,540)
__lastDrwanItem point size:2
CanSavePoint #1: firstPointC:(443,540) newEndPointC=(662,388)
CanSavePoint #2: (dx, dy) = (219,152)
CanSavePOint #3: lastPointC:(443,540) endPointC=(662,388)
Mouse release #2: _lastPoint: (662,388)
__lastDrwanItem point size:2
CanSavePoint #1: firstPointC:(662,388) newEndPointC=(527,249)
CanSavePoint #2: (dx, dy) = (135,139)
CanSavePOint #3: lastPointC:(662,388) endPointC=(527,249)
Mouse release #2: _lastPoint: (527,249)
__lastDrwanItem point size:2
CanSavePoint #1: firstPointC:(527,249) newEndPointC=(296,193)
CanSavePoint #2: (dx, dy) = (231,56)
CanSavePOint #3: lastPointC:(527,249) endPointC=(296,193)
Mouse release #2: _lastPoint: (296,193)
__lastDrwanItem point size:2
CanSavePoint #1: firstPointC:(296,193) newEndPointC=(170,551)
CanSavePoint #2: (dx, dy) = (126,358)
CanSavePOint #3: lastPointC:(296,193) endPointC=(170,551)
CanSavePoint #1: firstPointC:(296,193) newEndPointC=(170,551)
CanSavePoint #2: (dx, dy) = (126,358)
CanSavePOint #3: lastPointC:(170,551) endPointC=(170,551)
Mouse release #2: _lastPoint: (170,551)
__lastDrwanItem point size:2
CanSavePoint #1: firstPointC:(170,551) newEndPointC=(429,693)
CanSavePoint #2: (dx, dy) = (259,142)
CanSavePOint #3: lastPointC:(170,551) endPointC=(429,693)
Mouse release #2: _lastPoint: (429,693)
__lastDrwanItem point size:2
CanSavePOint #3: lastPointC:(141,110) endPointC=(525,678)
CanSavePOint #3: lastPointC:(780,618) endPointC=(780,617)
CanSavePOint #3: lastPointC:(780,617) endPointC=(780,614)
CanSavePOint #3: lastPointC:(780,614) endPointC=(780,613)
CanSavePOint #3: lastPointC:(780,613) endPointC=(781,611)
CanSavePOint #3: lastPointC:(781,611) endPointC=(782,609)
CanSavePOint #3: lastPointC:(782,609) endPointC=(782,606)
CanSavePOint #3: lastPointC:(782,606) endPointC=(782,603)
CanSavePOint #3: lastPointC:(782,603) endPointC=(782,600)
CanSavePOint #3: lastPointC:(782,600) endPointC=(782,597)
CanSavePOint #3: lastPointC:(782,597) endPointC=(782,594)
CanSavePOint #3: lastPointC:(782,594) endPointC=(782,593)
CanSavePOint #3: lastPointC:(782,593) endPointC=(782,587)
CanSavePOint #3: lastPointC:(782,587) endPointC=(783,584)
CanSavePOint #3: lastPointC:(783,584) endPointC=(783,581)
CanSavePOint #3: lastPointC:(783,581) endPointC=(783,578)
CanSavePOint #3: lastPointC:(783,578) endPointC=(783,574)
CanSavePOint #3: lastPointC:(783,574) endPointC=(783,570)
CanSavePOint #3: lastPointC:(783,570) endPointC=(784,565)
CanSavePOint #3: lastPointC:(784,565) endPointC=(786,559)
CanSavePOint #3: lastPointC:(786,559) endPointC=(787,553)
CanSavePOint #3: lastPointC:(787,553) endPointC=(787,551)
CanSavePOint #3: lastPointC:(787,551) endPointC=(787,545)
CanSavePOint #3: lastPointC:(787,545) endPointC=(787,541)
CanSavePOint #3: lastPointC:(787,541) endPointC=(788,535)
CanSavePOint #3: lastPointC:(788,535) endPointC=(789,531)
CanSavePOint #3: lastPointC:(789,531) endPointC=(790,526)
CanSavePOint #3: lastPointC:(790,526) endPointC=(790,522)
CanSavePOint #3: lastPointC:(790,522) endPointC=(791,517)
CanSavePOint #3: lastPointC:(791,517) endPointC=(791,513)
CanSavePOint #3: lastPointC:(791,513) endPointC=(792,508)
CanSavePOint #3: lastPointC:(792,508) endPointC=(793,502)
CanSavePOint #3: lastPointC:(793,502) endPointC=(794,497)
CanSavePOint #3: lastPointC:(794,497) endPointC=(795,496)
CanSavePOint #3: lastPointC:(795,496) endPointC=(795,492)
CanSavePOint #3: lastPointC:(795,492) endPointC=(796,489)
CanSavePOint #3: lastPointC:(796,489) endPointC=(797,486)
CanSavePOint #3: lastPointC:(797,486) endPointC=(798,482)
CanSavePOint #3: lastPointC:(798,482) endPointC=(798,480)
CanSavePOint #3: lastPointC:(798,480) endPointC=(800,477)
CanSavePOint #3: lastPointC:(800,477) endPointC=(801,475)
CanSavePOint #3: lastPointC:(801,475) endPointC=(801,472)
CanSavePOint #3: lastPointC:(801,472) endPointC=(802,470)
CanSavePOint #3: lastPointC:(802,470) endPointC=(802,467)
CanSavePOint #3: lastPointC:(802,467) endPointC=(803,465)
CanSavePOint #3: lastPointC:(803,465) endPointC=(803,461)
CanSavePOint #3: lastPointC:(803,461) endPointC=(804,459)
CanSavePOint #3: lastPointC:(804,459) endPointC=(804,457)
CanSavePOint #3: lastPointC:(804,457) endPointC=(805,453)
CanSavePOint #3: lastPointC:(805,453) endPointC=(805,451)
CanSavePOint #3: lastPointC:(805,451) endPointC=(806,448)
CanSavePOint #3: lastPointC:(806,448) endPointC=(806,445)
CanSavePOint #3: lastPointC:(806,445) endPointC=(806,443)
CanSavePOint #3: lastPointC:(806,443) endPointC=(807,441)
CanSavePOint #3: lastPointC:(807,441) endPointC=(807,439)
CanSavePOint #3: lastPointC:(807,439) endPointC=(807,437)
CanSavePOint #3: lastPointC:(807,437) endPointC=(808,436)
CanSavePOint #3: lastPointC:(808,436) endPointC=(808,433)
CanSavePOint #3: lastPointC:(808,433) endPointC=(808,430)
CanSavePOint #3: lastPointC:(808,430) endPointC=(808,429)
CanSavePOint #3: lastPointC:(808,429) endPointC=(808,428)
CanSavePOint #3: lastPointC:(808,428) endPointC=(809,426)
CanSavePOint #3: lastPointC:(809,426) endPointC=(809,424)
CanSavePOint #3: lastPointC:(809,424) endPointC=(809,423)
CanSavePOint #3: lastPointC:(809,423) endPointC=(810,422)
CanSavePOint #3: lastPointC:(810,422) endPointC=(810,421)
CanSavePOint #3: lastPointC:(810,421) endPointC=(810,420)
CanSavePOint #3: lastPointC:(810,420) endPointC=(811,420)
CanSavePOint #3: lastPointC:(811,420) endPointC=(811,421)
CanSavePOint #3: lastPointC:(811,421) endPointC=(811,422)
CanSavePOint #3: lastPointC:(811,422) endPointC=(811,423)
CanSavePOint #3: lastPointC:(811,423) endPointC=(811,426)
CanSavePOint #3: lastPointC:(811,426) endPointC=(811,428)
CanSavePOint #3: lastPointC:(811,428) endPointC=(810,431)
CanSavePOint #3: lastPointC:(810,431) endPointC=(810,435)
CanSavePOint #3: lastPointC:(810,435) endPointC=(810,439)
CanSavePOint #3: lastPointC:(810,439) endPointC=(810,443)
CanSavePOint #3: lastPointC:(810,443) endPointC=(810,449)
CanSavePOint #3: lastPointC:(810,449) endPointC=(810,456)
CanSavePOint #3: lastPointC:(810,456) endPointC=(810,462)
CanSavePOint #3: lastPointC:(810,462) endPointC=(811,467)
CanSavePOint #3: lastPointC:(811,467) endPointC=(811,474)
CanSavePOint #3: lastPointC:(811,474) endPointC=(811,479)
CanSavePOint #3: lastPointC:(811,479) endPointC=(811,484)
CanSavePOint #3: lastPointC:(811,484) endPointC=(811,492)
CanSavePOint #3: lastPointC:(811,492) endPointC=(812,497)
CanSavePOint #3: lastPointC:(812,497) endPointC=(812,503)
CanSavePOint #3: lastPointC:(812,503) endPointC=(812,509)
CanSavePOint #3: lastPointC:(812,509) endPointC=(812,515)
CanSavePOint #3: lastPointC:(812,515) endPointC=(812,522)
CanSavePOint #3: lastPointC:(812,522) endPointC=(812,529)
CanSavePOint #3: lastPointC:(812,529) endPointC=(813,535)
CanSavePOint #3: lastPointC:(813,535) endPointC=(813,540)
CanSavePOint #3: lastPointC:(813,540) endPointC=(813,547)
CanSavePOint #3: lastPointC:(813,547) endPointC=(813,554)
CanSavePOint #3: lastPointC:(813,554) endPointC=(813,560)
CanSavePOint #3: lastPointC:(813,560) endPointC=(813,568)
CanSavePOint #3: lastPointC:(813,568) endPointC=(813,575)
CanSavePOint #3: lastPointC:(813,575) endPointC=(814,580)
CanSavePOint #3: lastPointC:(814,580) endPointC=(814,584)
CanSavePOint #3: lastPointC:(814,584) endPointC=(814,589)
CanSavePOint #3: lastPointC:(814,589) endPointC=(814,593)
CanSavePOint #3: lastPointC:(814,593) endPointC=(814,597)
CanSavePOint #3: lastPointC:(814,597) endPointC=(814,602)
CanSavePOint #3: lastPointC:(814,602) endPointC=(814,606)
CanSavePOint #3: lastPointC:(814,606) endPointC=(814,610)
CanSavePOint #3: lastPointC:(814,610) endPointC=(814,614)
CanSavePOint #3: lastPointC:(814,614) endPointC=(814,618)
CanSavePOint #3: lastPointC:(814,618) endPointC=(813,621)
CanSavePOint #3: lastPointC:(813,621) endPointC=(813,623)
CanSavePOint #3: lastPointC:(813,623) endPointC=(812,625)
CanSavePOint #3: lastPointC:(812,625) endPointC=(812,627)
CanSavePOint #3: lastPointC:(812,627) endPointC=(811,629)
CanSavePOint #3: lastPointC:(811,629) endPointC=(811,631)
CanSavePOint #3: lastPointC:(811,631) endPointC=(811,633)
CanSavePOint #3: lastPointC:(811,633) endPointC=(811,634)
CanSavePOint #3: lastPointC:(811,634) endPointC=(810,636)
CanSavePOint #3: lastPointC:(810,636) endPointC=(810,638)
CanSavePOint #3: lastPointC:(810,638) endPointC=(810,639)
CanSavePOint #3: lastPointC:(810,639) endPointC=(810,641)
CanSavePOint #3: lastPointC:(810,641) endPointC=(810,642)
CanSavePOint #3: lastPointC:(810,642) endPointC=(810,643)
CanSavePOint #3: lastPointC:(810,643) endPointC=(810,644)
CanSavePOint #3: lastPointC:(810,644) endPointC=(809,644)
CanSavePOint #3: lastPointC:(809,644) endPointC=(809,645)
CanSavePOint #3: lastPointC:(809,645) endPointC=(809,646)
CanSavePOint #3: lastPointC:(809,646) endPointC=(809,646)
CanSavePOint #3: lastPointC:(900,409) endPointC=(900,414)
CanSavePOint #3: lastPointC:(871,597) endPointC=(876,597)
CanSavePOint #3: lastPointC:(576,383) endPointC=(775,333)
CanSavePOint #3: lastPointC:(775,333) endPointC=(705,195)
CanSavePOint #3: lastPointC:(705,195) endPointC=(527,121)
CanSavePOint #3: lastPointC:(527,121) endPointC=(381,119)
CanSavePOint #3: lastPointC:(381,119) endPointC=(432,196)
CanSavePOint #3: lastPointC:(155,136) endPointC=(759,788)
